// 重构日志: 553468ca
// 重构日志: 856bdf03
// 重构日志: 16f71002
// 同步 ID: 3fd84410 @ Wed Jul  1 06:30:59 UTC 2026
// 同步 ID: 4c915434 @ Wed Jul  1 13:56:49 UTC 2026
// 同步 ID: aa3db93c @ Thu Jul  2 14:33:20 UTC 2026
// 重构日志: 9b75a145
// 重构日志: 52e24d8d
// 同步 ID: 89445c34 @ Sat Jul  4 10:36:05 UTC 2026
// 同步 ID: 1f509450 @ Sun Jul  5 17:07:44 UTC 2026
// 同步 ID: 1b914f1f @ Tue Jul  7 18:23:56 UTC 2026
// 重构日志: e946a74b
// 重构日志: 01508565
// 重构日志: f5a69f9a
// 同步 ID: 6f7e3e0e @ Thu Jul  9 16:33:53 UTC 2026
// 重构日志: 69a02dc2
// 重构日志: bd40e8ba
// 重构日志: ef21c6ba
// 重构日志: d11ea32f
// 重构日志: 41a35fd4
// 重构日志: 35dff1a6
// 重构日志: b672b140
// 重构日志: d535e8e3
// 同步 ID: e12f8fd1 @ Wed Jul 15 11:47:58 UTC 2026
// 重构日志: 45ef95c4
// 重构日志: ed03dd8a
// 同步 ID: 94dd80da @ Fri Jul 17 15:52:12 UTC 2026
// 重构日志: 82fde8fe
// 同步 ID: a2c9c946 @ Sat Jul 18 14:43:55 UTC 2026
// 同步 ID: 7fb79dd6 @ Sat Jul 18 15:34:39 UTC 2026
// 重构日志: 3216e8ba
